#
# A fatal error has been detected by the Java Runtime Environment:
#
#  EXCEPTION_ACCESS_VIOLATION (0xc0000005) at pc=0x0000000000000000, pid=9480, tid=7344
#
# JRE version:  (7.0_45-b18) (build )
# Java VM: Java HotSpot(TM) 64-Bit Server VM (24.45-b08 mixed mode windows-amd64 compressed oops)
# Problematic frame:
# C  0x0000000000000000
#
# Failed to write core dump. Minidumps are not enabled by default on client versions of Windows
#
# If you would like to submit a bug report, please visit:
#   http://bugreport.sun.com/bugreport/crash.jsp
#

---------------  T H R E A D  ---------------

Current thread (0x0000000002768000):  JavaThread "main" [_thread_in_Java, id=7344, stack(0x0000000002a10000,0x0000000002b10000)]

siginfo: ExceptionCode=0xc0000005, ExceptionInformation=0x0000000000000008 0x0000000000000000

Registers:
RAX=0x0000000000000000, RBX=0x00000000bae145b8, RCX=0x00000000eaa80da0, RDX=0x0000000000500001
RSP=0x0000000002b0e0b8, RBP=0x0000000002b0e108, RSI=0x0000000002768000, RDI=0x0000000000000000
R8 =0x0000000000000004, R9 =0x0000000009093f50, R10=0x00000000637bcc00, R11=0x0000000009093f50
R12=0x0000000000000000, R13=0x0000000002b0e0c0, R14=0x0000000002b0e110, R15=0x0000000002768000
RIP=0x0000000000000000, EFLAGS=0x0000000000010246

Top of Stack: (sp=0x0000000002b0e0b8)
0x0000000002b0e0b8:   0000000002b163f0 00000000eaa80da0
0x0000000002b0e0c8:   0000000002b0e0c8 00000000bae22d0b
0x0000000002b0e0d8:   0000000002b0e110 00000000baea4010
0x0000000002b0e0e8:   0000000000000000 00000000bae22d48
0x0000000002b0e0f8:   0000000002b0e0c0 0000000002b0e118
0x0000000002b0e108:   0000000002b0e1f0 0000000002b1061a
0x0000000002b0e118:   0000000000000000 0000000000000000
0x0000000002b0e128:   0000000000000000 0000000000000000
0x0000000002b0e138:   0000000000000000 0000000000000000
0x0000000002b0e148:   0000000000000000 0000000000000000
0x0000000002b0e158:   0000000000000000 0000000000000000
0x0000000002b0e168:   0000000000000000 0000000000000000
0x0000000002b0e178:   0000000000000000 0000000000000000
0x0000000002b0e188:   0000000000000000 0000000000000000
0x0000000002b0e198:   0000000000000000 0000000000000000
0x0000000002b0e1a8:   0000000000000000 0000000000000000 

Instructions: (pc=0x0000000000000000)
0xffffffffffffffe0:   


Register to memory mapping:

RAX=0x0000000000000000 is an unknown value
RBX=0x00000000bae145b8 is an oop
{method} 
 - klass: {other class}
RCX=0x00000000eaa80da0 is an oop
java.lang.Class 
 - klass: 'java/lang/Class'
RDX=0x0000000000500001 is an unknown value
RSP=0x0000000002b0e0b8 is pointing into the stack for thread: 0x0000000002768000
RBP=0x0000000002b0e108 is pointing into the stack for thread: 0x0000000002768000
RSI=0x0000000002768000 is a thread
RDI=0x0000000000000000 is an unknown value
R8 =0x0000000000000004 is an unknown value
R9 =0x0000000009093f50 is an unknown value
R10=0x00000000637bcc00 is an unknown value
R11=0x0000000009093f50 is an unknown value
R12=0x0000000000000000 is an unknown value
R13=0x0000000002b0e0c0 is pointing into the stack for thread: 0x0000000002768000
R14=0x0000000002b0e110 is pointing into the stack for thread: 0x0000000002768000
R15=0x0000000002768000 is a thread


Stack: [0x0000000002a10000,0x0000000002b10000],  sp=0x0000000002b0e0b8,  free space=1016k

---------------  P R O C E S S  ---------------

Java Threads: ( => current thread )
=>0x0000000002768000 JavaThread "main" [_thread_in_Java, id=7344, stack(0x0000000002a10000,0x0000000002b10000)]

Other Threads:
  0x000000000926c000 VMThread [stack: 0x000000000b270000,0x000000000b370000] [id=9124]

VM state:not at safepoint (normal execution)

VM Mutex/Monitor currently owned by a thread: None

Heap
 PSYoungGen      total 38400K, used 665K [0x00000000eaa80000, 0x00000000ed500000, 0x0000000100000000)
  eden space 33280K, 2% used [0x00000000eaa80000,0x00000000eab266d0,0x00000000ecb00000)
  from space 5120K, 0% used [0x00000000ed000000,0x00000000ed000000,0x00000000ed500000)
  to   space 5120K, 0% used [0x00000000ecb00000,0x00000000ecb00000,0x00000000ed000000)
 ParOldGen       total 86528K, used 0K [0x00000000c0000000, 0x00000000c5480000, 0x00000000eaa80000)
  object space 86528K, 0% used [0x00000000c0000000,0x00000000c0000000,0x00000000c5480000)
 PSPermGen       total 21504K, used 790K [0x00000000bae00000, 0x00000000bc300000, 0x00000000c0000000)
  object space 21504K, 3% used [0x00000000bae00000,0x00000000baec5968,0x00000000bc300000)

Card table byte_map: [0x0000000005b10000,0x0000000005d40000] byte_map_base: 0x0000000005539000

Polling page: 0x00000000020f0000

Code Cache  [0x0000000002b10000, 0x0000000002d80000, 0x0000000005b10000)
 total_blobs=61 nmethods=0 adapters=38 free_code_cache=48825Kb largest_free_block=49997184

Compilation events (0 events):
No events

GC Heap History (0 events):
No events

Deoptimization events (0 events):
No events

Internal exceptions (0 events):
No events

Events (10 events):
Event: 2.084 loading class 0x0000000009090970 done
Event: 2.084 loading class 0x0000000009090950 done
Event: 2.084 loading class 0x000000000909ce60
Event: 2.085 loading class 0x000000000909ce60 done
Event: 2.085 loading class 0x0000000009099ae0
Event: 2.085 loading class 0x0000000009099ae0 done
Event: 2.085 loading class 0x00000000090a17d0
Event: 2.085 loading class 0x00000000090a17d0 done
Event: 2.085 loading class 0x00000000090a1800
Event: 2.085 loading class 0x00000000090a1800 done


Dynamic libraries:
0x000000013f120000 - 0x000000013f153000 	C:\Program Files\Java\jdk1.7.0_45\bin\java.exe
0x0000000077b20000 - 0x0000000077cca000 	C:\Windows\SYSTEM32\ntdll.dll
0x0000000077900000 - 0x0000000077a1f000 	C:\Windows\system32\kernel32.dll
0x000007fefda30000 - 0x000007fefda9a000 	C:\Windows\system32\KERNELBASE.dll
0x000007feff7b0000 - 0x000007feff88b000 	C:\Windows\system32\ADVAPI32.dll
0x000007fefdd30000 - 0x000007fefddcf000 	C:\Windows\system32\msvcrt.dll
0x000007feffdb0000 - 0x000007feffdcf000 	C:\Windows\SYSTEM32\sechost.dll
0x000007fefe3a0000 - 0x000007fefe4cd000 	C:\Windows\system32\RPCRT4.dll
0x0000000077a20000 - 0x0000000077b1a000 	C:\Windows\system32\USER32.dll
0x000007fefe960000 - 0x000007fefe9c7000 	C:\Windows\system32\GDI32.dll
0x000007fefddd0000 - 0x000007fefddde000 	C:\Windows\system32\LPK.dll
0x000007fefdc60000 - 0x000007fefdd2a000 	C:\Windows\system32\USP10.dll
0x000007fefbe90000 - 0x000007fefc084000 	C:\Windows\WinSxS\amd64_microsoft.windows.common-controls_6595b64144ccf1df_6.0.7601.18837_none_fa3b1e3d17594757\COMCTL32.dll
0x000007fefe4d0000 - 0x000007fefe541000 	C:\Windows\system32\SHLWAPI.dll
0x000007fefdde0000 - 0x000007fefde0e000 	C:\Windows\system32\IMM32.DLL
0x000007feff930000 - 0x000007feffa39000 	C:\Windows\system32\MSCTF.dll
0x0000000180000000 - 0x0000000180006000 	C:\PROGRA~2\KASPER~1\KASPER~1.0FO\x64\kloehk.dll
0x0000000000200000 - 0x0000000000219000 	C:\PROGRA~2\KASPER~1\KASPER~1.0FO\x64\adialhk.dll
0x0000000066170000 - 0x0000000066242000 	C:\Program Files\Java\jdk1.7.0_45\jre\bin\msvcr100.dll
0x0000000063080000 - 0x0000000063849000 	C:\Program Files\Java\jdk1.7.0_45\jre\bin\server\jvm.dll
0x000007fef4df0000 - 0x000007fef4df9000 	C:\Windows\system32\WSOCK32.dll
0x000007feff760000 - 0x000007feff7ad000 	C:\Windows\system32\WS2_32.dll
0x000007fefe020000 - 0x000007fefe028000 	C:\Windows\system32\NSI.dll
0x000007fefb860000 - 0x000007fefb89b000 	C:\Windows\system32\WINMM.dll
0x0000000077cf0000 - 0x0000000077cf7000 	C:\Windows\system32\PSAPI.DLL
0x0000000072930000 - 0x000000007293f000 	C:\Program Files\Java\jdk1.7.0_45\jre\bin\verify.dll
0x0000000072900000 - 0x0000000072928000 	C:\Program Files\Java\jdk1.7.0_45\jre\bin\java.dll
0x00000000728c0000 - 0x00000000728d5000 	C:\Program Files\Java\jdk1.7.0_45\jre\bin\zip.dll

VM Arguments:
jvm_args: -Djava.awt.headless=true -Xmx1024M -Dfile.encoding=windows-1252 -Duser.country=US -Duser.language=en -Duser.variant 
java_command: com.android.dx.command.Main --dex --force-jumbo --num-threads=4 --multi-dex --output C:\Dropbox\inauth\inauth2\app\build\intermediates\transforms\dex\debug\folders\1000\10\com.google.android.gms-play-services-vision-9.0.2_05bc1c74fb8fef4a351b4bbdec0a2f212bd68b8d C:\Dropbox\inauth\inauth2\app\build\intermediates\exploded-aar\com.google.android.gms\play-services-vision\9.0.2\jars\classes.jar
Launcher Type: SUN_STANDARD

Environment Variables:
PATH=C:\ProgramData\Oracle\Java\javapath;C:\Program Files (x86)\iis express\PHP\v5.4;C:\Program Files (x86)\Google\Chrome\Application;C:\Program Files (x86)\NVIDIA Corporation\PhysX\Common;C:\Program Files (x86)\AMD APP\bin\x86_64;C:\Program Files (x86)\AMD APP\bin\x86;C:\Windows\system32;C:\Windows;C:\Windows\System32\Wbem;C:\Windows\System32\WindowsPowerShell\v1.0\;C:\Program Files (x86)\Altium Designer S09 Viewer\System;C:\Program Files\TortoiseSVN\bin;C:\Program Files (x86)\Flash Magic;C:\strawberry\c\bin;C:\strawberry\perl\site\bin;C:\strawberry\perl\bin;C:\Program Files (x86)\Atmel\sam-ba_2.12\drv\;C:\Program Files (x86)\Atmel\sam-ba_2.12;C:\Program Files (x86)\Minimal ADB and Fastboot\;C:\Program Files\MySQL\MySQL Server 5.1\bin;C:\Program Files (x86)\Common Files\Adobe\AGL;C:\Program Files (x86)\Skype\Phone\;C:\Program Files (x86)\Atmel\sam-ba_2.12\drv\;C:\Program Files (x86)\Atmel\sam-ba_2.12;C:\Program Files (x86)\Minimal ADB and Fastboot\;C:\Python27;C:\ProgramData\Oracle\Java\javapath;C:\Program Files (x86)\iis express\PHP\v5.4;C:\Program Files (x86)\Google\Chrome\Application;C:\Program Files (x86)\NVIDIA Corporation\PhysX\Common;C:\Program Files (x86)\AMD APP\bin\x86_64;C:\Program Files (x86)\AMD APP\bin\x86;C:\Windows\system32;C:\Windows;C:\Windows\System32\Wbem;C:\Windows\System32\WindowsPowerShell\v1.0\;C:\Program Files (x86)\Altium Designer S09 Viewer\System;C:\Program Files\TortoiseSVN\bin;C:\Program Files (x86)\Flash Magic;C:\strawberry\c\bin;C:\strawberry\perl\site\bin;C:\strawberry\perl\bin;C:\Program Files (x86)\Atmel\sam-ba_2.12\drv\;C:\Program Files (x86)\Atmel\sam-ba_2.12;C:\Program Files (x86)\Minimal ADB and Fastboot\;C:\Program Files\MySQL\MySQL Server 5.1\bin;C:\Program Files (x86)\Common Files\Adobe\AGL;C:\Program Files (x86)\Skype\Phone\;C:\PROGRA~2\FLASHM~1
USERNAME=MichaelHillendahl
OS=Windows_NT
PROCESSOR_IDENTIFIER=AMD64 Family 21 Model 1 Stepping 2, AuthenticAMD



---------------  S Y S T E M  ---------------

OS: Windows 7 , 64 bit Build 7601 Service Pack 1

CPU:total 8 (8 cores per cpu, 1 threads per core) family 21 model 1 stepping 2, cmov, cx8, fxsr, mmx, sse, sse2, sse3, ssse3, sse4.1, sse4.2, popcnt, avx, aes, mmxext, 3dnowpref, lzcnt, sse4a, tsc, tscinvbit, tscinv

Memory: 4k page, physical 8316668k(1039320k free), swap 12509112k(8936k free)

vm_info: Java HotSpot(TM) 64-Bit Server VM (24.45-b08) for windows-amd64 JRE (1.7.0_45-b18), built on Oct  8 2013 05:47:22 by "java_re" with unknown MS VC++:1600

time: Thu Jun 23 17:45:16 2016
elapsed time: 2 seconds

