#
# There is insufficient memory for the Java Runtime Environment to continue.
# Native memory allocation (malloc) failed to allocate 262160 bytes for Chunk::new
# Possible reasons:
#   The system is out of physical RAM or swap space
#   In 32 bit mode, the process size limit was hit
# Possible solutions:
#   Reduce memory load on the system
#   Increase physical memory or swap space
#   Check if swap backing store is full
#   Use 64 bit Java on a 64 bit OS
#   Decrease Java heap size (-Xmx/-Xms)
#   Decrease number of Java threads
#   Decrease Java thread stack sizes (-Xss)
#   Set larger code cache with -XX:ReservedCodeCacheSize=
# This output file may be truncated or incomplete.
#
#  Out of Memory Error (allocation.cpp:323), pid=9772, tid=10164
#
# JRE version: Java(TM) SE Runtime Environment (7.0_45-b18) (build 1.7.0_45-b18)
# Java VM: Java HotSpot(TM) 64-Bit Server VM (24.45-b08 mixed mode windows-amd64 compressed oops)
# Failed to write core dump. Minidumps are not enabled by default on client versions of Windows
#

---------------  T H R E A D  ---------------

Current thread (0x0000000009029000):  JavaThread "C2 CompilerThread0" daemon [_thread_in_native, id=10164, stack(0x000000000b8b0000,0x000000000b9b0000)]

Stack: [0x000000000b8b0000,0x000000000b9b0000]

Current CompileTask:
C2:   2392  237             com.android.dx.ssa.SCCP::run (298 bytes)


---------------  P R O C E S S  ---------------

Java Threads: ( => current thread )
  0x000000000a412800 JavaThread "pool-1-thread-4" [_thread_in_vm, id=9260, stack(0x000000000ceb0000,0x000000000cfb0000)]
  0x000000000a4fa000 JavaThread "pool-1-thread-3" [_thread_blocked, id=6964, stack(0x000000000cd20000,0x000000000ce20000)]
  0x000000000a4bc800 JavaThread "pool-1-thread-2" [_thread_blocked, id=8276, stack(0x000000000cbb0000,0x000000000ccb0000)]
  0x000000000a4cf800 JavaThread "pool-2-thread-1" [_thread_blocked, id=10220, stack(0x000000000c9b0000,0x000000000cab0000)]
  0x000000000a29f000 JavaThread "pool-1-thread-1" [_thread_blocked, id=10212, stack(0x000000000c760000,0x000000000c860000)]
  0x000000000a1da800 JavaThread "Service Thread" daemon [_thread_blocked, id=10172, stack(0x000000000ba40000,0x000000000bb40000)]
  0x000000000a1d4000 JavaThread "C2 CompilerThread1" daemon [_thread_in_native, id=10168, stack(0x000000000bb70000,0x000000000bc70000)]
=>0x0000000009029000 JavaThread "C2 CompilerThread0" daemon [_thread_in_native, id=10164, stack(0x000000000b8b0000,0x000000000b9b0000)]
  0x0000000009024000 JavaThread "Attach Listener" daemon [_thread_blocked, id=10160, stack(0x000000000b640000,0x000000000b740000)]
  0x0000000009023800 JavaThread "Signal Dispatcher" daemon [_thread_blocked, id=10156, stack(0x000000000b7b0000,0x000000000b8b0000)]
  0x0000000002968000 JavaThread "Finalizer" daemon [_thread_blocked, id=10076, stack(0x000000000b4f0000,0x000000000b5f0000)]
  0x000000000900f000 JavaThread "Reference Handler" daemon [_thread_blocked, id=10064, stack(0x000000000b3f0000,0x000000000b4f0000)]
  0x00000000028d8000 JavaThread "main" [_thread_blocked, id=9880, stack(0x0000000002af0000,0x0000000002bf0000)]

Other Threads:
  0x000000000900c000 VMThread [stack: 0x000000000b200000,0x000000000b300000] [id=10056]
  0x000000000a1f3000 WatcherThread [stack: 0x000000000bcc0000,0x000000000bdc0000] [id=10184]

VM state:not at safepoint (normal execution)

VM Mutex/Monitor currently owned by a thread:  ([mutex/lock_event])
[0x000000000278da90] SystemDictionary_lock - owner thread: 0x000000000a412800

Heap
 PSYoungGen      total 71680K, used 35620K [0x00000000eaa80000, 0x00000000ef580000, 0x0000000100000000)
  eden space 66560K, 45% used [0x00000000eaa80000,0x00000000ec84b5e8,0x00000000eeb80000)
  from space 5120K, 99% used [0x00000000ef080000,0x00000000ef57db50,0x00000000ef580000)
  to   space 5120K, 0% used [0x00000000eeb80000,0x00000000eeb80000,0x00000000ef080000)
 ParOldGen       total 86528K, used 3855K [0x00000000c0000000, 0x00000000c5480000, 0x00000000eaa80000)
  object space 86528K, 4% used [0x00000000c0000000,0x00000000c03c3e60,0x00000000c5480000)
 PSPermGen       total 21504K, used 5892K [0x00000000bae00000, 0x00000000bc300000, 0x00000000c0000000)
  object space 21504K, 27% used [0x00000000bae00000,0x00000000bb3c1040,0x00000000bc300000)

Card table byte_map: [0x0000000005bf0000,0x0000000005e20000] byte_map_base: 0x0000000005619000

Polling page: 0x0000000000380000

Code Cache  [0x0000000002bf0000, 0x0000000002e60000, 0x0000000005bf0000)
 total_blobs=497 nmethods=261 adapters=189 free_code_cache=48155Kb largest_free_block=49282240

Compilation events (10 events):
Event: 2.211 Thread 0x000000000a1d4000 nmethod 256 0x0000000002ccb350 code [0x0000000002ccb480, 0x0000000002ccb518]
Event: 2.211 Thread 0x000000000a1d4000  257             java.lang.String::<init> (67 bytes)
Event: 2.214 Thread 0x000000000a1d4000 nmethod 257 0x0000000002ccae10 code [0x0000000002ccaf60, 0x0000000002ccb198]
Event: 2.214 Thread 0x000000000a1d4000  258             com.android.dx.util.BitIntSet::<init> (13 bytes)
Event: 2.215 Thread 0x000000000a1d4000 nmethod 258 0x0000000002ccab10 code [0x0000000002ccac60, 0x0000000002ccad58]
Event: 2.215 Thread 0x000000000a1d4000  259             com.android.dx.ssa.SsaBasicBlock::forEachPhiInsn (54 bytes)
Event: 2.224 Thread 0x000000000a1d4000 nmethod 259 0x0000000002ccc910 code [0x0000000002cccae0, 0x0000000002ccd1c8]
Event: 2.224 Thread 0x000000000a1d4000  260             com.android.dx.rop.code.CstInsn::getConstant (5 bytes)
Event: 2.224 Thread 0x000000000a1d4000 nmethod 260 0x0000000002cce5d0 code [0x0000000002cce700, 0x0000000002cce758]
Event: 2.224 Thread 0x000000000a1d4000  261   !         com.android.dx.cf.cst.ConstantPoolParser::parse0 (731 bytes)

GC Heap History (4 events):
Event: 1.067 GC heap before
{Heap before GC invocations=1 (full 0):
 PSYoungGen      total 38400K, used 33280K [0x00000000eaa80000, 0x00000000ed500000, 0x0000000100000000)
  eden space 33280K, 100% used [0x00000000eaa80000,0x00000000ecb00000,0x00000000ecb00000)
  from space 5120K, 0% used [0x00000000ed000000,0x00000000ed000000,0x00000000ed500000)
  to   space 5120K, 0% used [0x00000000ecb00000,0x00000000ecb00000,0x00000000ed000000)
 ParOldGen       total 86528K, used 0K [0x00000000c0000000, 0x00000000c5480000, 0x00000000eaa80000)
  object space 86528K, 0% used [0x00000000c0000000,0x00000000c0000000,0x00000000c5480000)
 PSPermGen       total 21504K, used 5677K [0x00000000bae00000, 0x00000000bc300000, 0x00000000c0000000)
  object space 21504K, 26% used [0x00000000bae00000,0x00000000bb38b7c0,0x00000000bc300000)
Event: 1.136 GC heap after
Heap after GC invocations=1 (full 0):
 PSYoungGen      total 38400K, used 4984K [0x00000000eaa80000, 0x00000000ef580000, 0x0000000100000000)
  eden space 33280K, 0% used [0x00000000eaa80000,0x00000000eaa80000,0x00000000ecb00000)
  from space 5120K, 97% used [0x00000000ecb00000,0x00000000ecfde1c8,0x00000000ed000000)
  to   space 5120K, 0% used [0x00000000ef080000,0x00000000ef080000,0x00000000ef580000)
 ParOldGen       total 86528K, used 0K [0x00000000c0000000, 0x00000000c5480000, 0x00000000eaa80000)
  object space 86528K, 0% used [0x00000000c0000000,0x00000000c0000000,0x00000000c5480000)
 PSPermGen       total 21504K, used 5677K [0x00000000bae00000, 0x00000000bc300000, 0x00000000c0000000)
  object space 21504K, 26% used [0x00000000bae00000,0x00000000bb38b7c0,0x00000000bc300000)
}
Event: 1.585 GC heap before
{Heap before GC invocations=2 (full 0):
 PSYoungGen      total 38400K, used 38264K [0x00000000eaa80000, 0x00000000ef580000, 0x0000000100000000)
  eden space 33280K, 100% used [0x00000000eaa80000,0x00000000ecb00000,0x00000000ecb00000)
  from space 5120K, 97% used [0x00000000ecb00000,0x00000000ecfde1c8,0x00000000ed000000)
  to   space 5120K, 0% used [0x00000000ef080000,0x00000000ef080000,0x00000000ef580000)
 ParOldGen       total 86528K, used 0K [0x00000000c0000000, 0x00000000c5480000, 0x00000000eaa80000)
  object space 86528K, 0% used [0x00000000c0000000,0x00000000c0000000,0x00000000c5480000)
 PSPermGen       total 21504K, used 5847K [0x00000000bae00000, 0x00000000bc300000, 0x00000000c0000000)
  object space 21504K, 27% used [0x00000000bae00000,0x00000000bb3b5c08,0x00000000bc300000)
Event: 1.979 GC heap after
Heap after GC invocations=2 (full 0):
 PSYoungGen      total 71680K, used 5110K [0x00000000eaa80000, 0x00000000ef580000, 0x0000000100000000)
  eden space 66560K, 0% used [0x00000000eaa80000,0x00000000eaa80000,0x00000000eeb80000)
  from space 5120K, 99% used [0x00000000ef080000,0x00000000ef57db50,0x00000000ef580000)
  to   space 5120K, 0% used [0x00000000eeb80000,0x00000000eeb80000,0x00000000ef080000)
 ParOldGen       total 86528K, used 3855K [0x00000000c0000000, 0x00000000c5480000, 0x00000000eaa80000)
  object space 86528K, 4% used [0x00000000c0000000,0x00000000c03c3e60,0x00000000c5480000)
 PSPermGen       total 21504K, used 5847K [0x00000000bae00000, 0x00000000bc300000, 0x00000000c0000000)
  object space 21504K, 27% used [0x00000000bae00000,0x00000000bb3b5c08,0x00000000bc300000)
}

Deoptimization events (10 events):
Event: 0.983 Thread 0x000000000a29f000 Uncommon trap: reason=null_check action=make_not_entrant pc=0x0000000002c75b70 method=com.android.dx.rop.code.LocalItem.equals(Ljava/lang/Object;)Z @ 1
Event: 1.455 Thread 0x00000000028d8000 Uncommon trap: reason=null_check action=make_not_entrant pc=0x0000000002cb7e5c method=com.android.dx.rop.type.Type.putIntern(Lcom/android/dx/rop/type/Type;)Lcom/android/dx/rop/type/Type; @ 18
Event: 1.575 Thread 0x000000000a4fa000 Uncommon trap: reason=unreached action=reinterpret pc=0x0000000002c78e84 method=com.android.dx.rop.cst.Constant.compareTo(Lcom/android/dx/rop/cst/Constant;)I @ 12
Event: 2.058 Thread 0x000000000a4fa000 Uncommon trap: reason=unreached action=reinterpret pc=0x0000000002cb217c method=com.android.dx.ssa.LocalVariableExtractor.processBlock(I)V @ 251
Event: 2.063 Thread 0x000000000a4fa000 Uncommon trap: reason=null_check action=make_not_entrant pc=0x0000000002cba8c0 method=com.android.dx.ssa.SsaRenamer.getLocalForNewReg(I)Lcom/android/dx/rop/code/LocalItem; @ 19
Event: 2.088 Thread 0x00000000028d8000 Uncommon trap: reason=class_check action=maybe_recompile pc=0x0000000002cc210c method=java.util.HashMap.put(Ljava/lang/Object;Ljava/lang/Object;)Ljava/lang/Object; @ 83
Event: 2.088 Thread 0x00000000028d8000 Uncommon trap: reason=class_check action=maybe_recompile pc=0x0000000002cc210c method=java.util.HashMap.put(Ljava/lang/Object;Ljava/lang/Object;)Ljava/lang/Object; @ 83
Event: 2.088 Thread 0x00000000028d8000 Uncommon trap: reason=class_check action=maybe_recompile pc=0x0000000002cc210c method=java.util.HashMap.put(Ljava/lang/Object;Ljava/lang/Object;)Ljava/lang/Object; @ 83
Event: 2.088 Thread 0x00000000028d8000 Uncommon trap: reason=class_check action=maybe_recompile pc=0x0000000002cc210c method=java.util.HashMap.put(Ljava/lang/Object;Ljava/lang/Object;)Ljava/lang/Object; @ 83
Event: 2.224 Thread 0x000000000a4bc800 Uncommon trap: reason=unreached action=reinterpret pc=0x0000000002cd1884 method=com.android.dx.ssa.SCCP.simulateBranch(Lcom/android/dx/ssa/SsaInsn;)V @ 132

Internal exceptions (10 events):
Event: 0.871 Thread 0x000000000a412800 Threw 0x00000000ebf3bcb0 at C:\re\jdk7u45\229\hotspot\src\share\vm\prims\jvm.cpp:1244
Event: 0.968 Thread 0x00000000028d8000 Threw 0x00000000ec5db210 at C:\re\jdk7u45\229\hotspot\src\share\vm\prims\jvm.cpp:1244
Event: 0.968 Thread 0x00000000028d8000 Threw 0x00000000ec5dd398 at C:\re\jdk7u45\229\hotspot\src\share\vm\prims\jvm.cpp:1244
Event: 0.970 Thread 0x000000000a4fa000 Threw 0x00000000ec335fc8 at C:\re\jdk7u45\229\hotspot\src\share\vm\prims\jvm.cpp:1244
Event: 0.983 Thread 0x000000000a29f000 Implicit null exception at 0x0000000002c75833 to 0x0000000002c75b5d
Event: 1.010 Thread 0x00000000028d8000 Threw 0x00000000ec8cb228 at C:\re\jdk7u45\229\hotspot\src\share\vm\prims\jvm.cpp:1244
Event: 1.275 Thread 0x000000000a29f000 Threw 0x00000000eb14a0a8 at C:\re\jdk7u45\229\hotspot\src\share\vm\prims\jvm.cpp:1244
Event: 1.455 Thread 0x00000000028d8000 Implicit null exception at 0x0000000002cb776b to 0x0000000002cb7e4d
Event: 2.063 Thread 0x000000000a4fa000 Implicit null exception at 0x0000000002cb9588 to 0x0000000002cba891
Event: 2.225 Thread 0x000000000a4bc800 Threw 0x00000000ebf230a0 at C:\re\jdk7u45\229\hotspot\src\share\vm\prims\jvm.cpp:1244

Events (10 events):
Event: 2.088 Thread 0x00000000028d8000 DEOPT PACKING pc=0x0000000002cc210c sp=0x0000000002bee130
Event: 2.088 Thread 0x00000000028d8000 DEOPT UNPACKING pc=0x0000000002c29064 sp=0x0000000002bee0d8 mode 2
Event: 2.088 Thread 0x00000000028d8000 Uncommon trap: trap_request=0xffffffde fr.pc=0x0000000002cc210c
Event: 2.088 Thread 0x00000000028d8000 DEOPT PACKING pc=0x0000000002cc210c sp=0x0000000002bee130
Event: 2.088 Thread 0x00000000028d8000 DEOPT UNPACKING pc=0x0000000002c29064 sp=0x0000000002bee0d8 mode 2
Event: 2.224 Thread 0x000000000a4bc800 Uncommon trap: trap_request=0xffffffad fr.pc=0x0000000002cd1884
Event: 2.224 Thread 0x000000000a4bc800 DEOPT PACKING pc=0x0000000002cd1884 sp=0x000000000ccaec50
Event: 2.224 Thread 0x000000000a4bc800 DEOPT UNPACKING pc=0x0000000002c29064 sp=0x000000000ccaebf8 mode 2
Event: 2.225 loading class 0x000000000a4248c0
Event: 2.225 loading class 0x000000000a4248c0 done


Dynamic libraries:
0x000000013f290000 - 0x000000013f2c3000 	C:\Program Files\Java\jdk1.7.0_45\bin\java.exe
0x0000000077b20000 - 0x0000000077cca000 	C:\Windows\SYSTEM32\ntdll.dll
0x0000000077900000 - 0x0000000077a1f000 	C:\Windows\system32\kernel32.dll
0x000007fefda30000 - 0x000007fefda9a000 	C:\Windows\system32\KERNELBASE.dll
0x000007feff7b0000 - 0x000007feff88b000 	C:\Windows\system32\ADVAPI32.dll
0x000007fefdd30000 - 0x000007fefddcf000 	C:\Windows\system32\msvcrt.dll
0x000007feffdb0000 - 0x000007feffdcf000 	C:\Windows\SYSTEM32\sechost.dll
0x000007fefe3a0000 - 0x000007fefe4cd000 	C:\Windows\system32\RPCRT4.dll
0x0000000077a20000 - 0x0000000077b1a000 	C:\Windows\system32\USER32.dll
0x000007fefe960000 - 0x000007fefe9c7000 	C:\Windows\system32\GDI32.dll
0x000007fefddd0000 - 0x000007fefddde000 	C:\Windows\system32\LPK.dll
0x000007fefdc60000 - 0x000007fefdd2a000 	C:\Windows\system32\USP10.dll
0x000007fefbe90000 - 0x000007fefc084000 	C:\Windows\WinSxS\amd64_microsoft.windows.common-controls_6595b64144ccf1df_6.0.7601.18837_none_fa3b1e3d17594757\COMCTL32.dll
0x000007fefe4d0000 - 0x000007fefe541000 	C:\Windows\system32\SHLWAPI.dll
0x000007fefdde0000 - 0x000007fefde0e000 	C:\Windows\system32\IMM32.DLL
0x000007feff930000 - 0x000007feffa39000 	C:\Windows\system32\MSCTF.dll
0x0000000180000000 - 0x0000000180006000 	C:\PROGRA~2\KASPER~1\KASPER~1.0FO\x64\kloehk.dll
0x0000000000200000 - 0x0000000000219000 	C:\PROGRA~2\KASPER~1\KASPER~1.0FO\x64\adialhk.dll
0x00000000658a0000 - 0x0000000065972000 	C:\Program Files\Java\jdk1.7.0_45\jre\bin\msvcr100.dll
0x0000000063080000 - 0x0000000063849000 	C:\Program Files\Java\jdk1.7.0_45\jre\bin\server\jvm.dll
0x000007fef4df0000 - 0x000007fef4df9000 	C:\Windows\system32\WSOCK32.dll
0x000007feff760000 - 0x000007feff7ad000 	C:\Windows\system32\WS2_32.dll
0x000007fefe020000 - 0x000007fefe028000 	C:\Windows\system32\NSI.dll
0x000007fefb860000 - 0x000007fefb89b000 	C:\Windows\system32\WINMM.dll
0x0000000077cf0000 - 0x0000000077cf7000 	C:\Windows\system32\PSAPI.DLL
0x0000000072930000 - 0x000000007293f000 	C:\Program Files\Java\jdk1.7.0_45\jre\bin\verify.dll
0x0000000072900000 - 0x0000000072928000 	C:\Program Files\Java\jdk1.7.0_45\jre\bin\java.dll
0x00000000728c0000 - 0x00000000728d5000 	C:\Program Files\Java\jdk1.7.0_45\jre\bin\zip.dll
0x00000000728e0000 - 0x00000000728f9000 	C:\Program Files\Java\jdk1.7.0_45\jre\bin\net.dll
0x000007fefd080000 - 0x000007fefd0d5000 	C:\Windows\system32\mswsock.dll
0x000007fefd070000 - 0x000007fefd077000 	C:\Windows\System32\wship6.dll
0x0000000072870000 - 0x0000000072881000 	C:\Program Files\Java\jdk1.7.0_45\jre\bin\nio.dll

VM Arguments:
jvm_args: -Djava.awt.headless=true -Xmx1024M -Dfile.encoding=windows-1252 -Duser.country=US -Duser.language=en -Duser.variant 
java_command: com.android.dx.command.Main --dex --num-threads=4 --output C:\android\projects\inauth2\app\build\intermediates\pre-dexed\release\com.android.support-support-v4-24.0.0_aa3a644e82a88a6a5cae6a3d40230f0996091d65.jar C:\android\projects\inauth2\app\build\intermediates\exploded-aar\com.android.support\support-v4\24.0.0\jars\classes.jar
Launcher Type: SUN_STANDARD

Environment Variables:
PATH=C:\Program Files (x86)\iis express\PHP\v5.4;C:\Program Files (x86)\Google\Chrome\Application;C:\Program Files (x86)\NVIDIA Corporation\PhysX\Common;C:\Program Files (x86)\AMD APP\bin\x86_64;C:\Program Files (x86)\AMD APP\bin\x86;C:\Windows\system32;C:\Windows;C:\Windows\System32\Wbem;C:\Windows\System32\WindowsPowerShell\v1.0\;C:\Program Files (x86)\Altium Designer S09 Viewer\System;C:\Program Files\TortoiseSVN\bin;C:\Program Files (x86)\Flash Magic;C:\strawberry\c\bin;C:\strawberry\perl\site\bin;C:\strawberry\perl\bin;C:\Program Files (x86)\Atmel\sam-ba_2.12\drv\;C:\Program Files (x86)\Atmel\sam-ba_2.12;C:\Program Files (x86)\Minimal ADB and Fastboot\;C:\Program Files\MySQL\MySQL Server 5.1\bin;C:\Program Files (x86)\Common Files\Adobe\AGL;C:\Program Files (x86)\Skype\Phone\;C:\Program Files (x86)\Atmel\sam-ba_2.12\drv\;C:\Program Files (x86)\Atmel\sam-ba_2.12;C:\Program Files (x86)\Minimal ADB and Fastboot\;C:\Python27;C:\Program Files (x86)\iis express\PHP\v5.4;C:\Program Files (x86)\Google\Chrome\Application;C:\Program Files (x86)\NVIDIA Corporation\PhysX\Common;C:\Program Files (x86)\AMD APP\bin\x86_64;C:\Program Files (x86)\AMD APP\bin\x86;C:\Windows\system32;C:\Windows;C:\Windows\System32\Wbem;C:\Windows\System32\WindowsPowerShell\v1.0\;C:\Program Files (x86)\Altium Designer S09 Viewer\System;C:\Program Files\TortoiseSVN\bin;C:\Program Files (x86)\Flash Magic;C:\strawberry\c\bin;C:\strawberry\perl\site\bin;C:\strawberry\perl\bin;C:\Program Files (x86)\Atmel\sam-ba_2.12\drv\;C:\Program Files (x86)\Atmel\sam-ba_2.12;C:\Program Files (x86)\Minimal ADB and Fastboot\;C:\Program Files\MySQL\MySQL Server 5.1\bin;C:\Program Files (x86)\Common Files\Adobe\AGL;C:\Program Files (x86)\Skype\Phone\;C:\PROGRA~2\FLASHM~1
USERNAME=MichaelHillendahl
OS=Windows_NT
PROCESSOR_IDENTIFIER=AMD64 Family 21 Model 1 Stepping 2, AuthenticAMD



---------------  S Y S T E M  ---------------

OS: Windows 7 , 64 bit Build 7601 Service Pack 1

CPU:total 8 (8 cores per cpu, 1 threads per core) family 21 model 1 stepping 2, cmov, cx8, fxsr, mmx, sse, sse2, sse3, ssse3, sse4.1, sse4.2, popcnt, avx, aes, mmxext, 3dnowpref, lzcnt, sse4a, tsc, tscinvbit, tscinv

Memory: 4k page, physical 8316668k(735252k free), swap 11643092k(251488k free)

vm_info: Java HotSpot(TM) 64-Bit Server VM (24.45-b08) for windows-amd64 JRE (1.7.0_45-b18), built on Oct  8 2013 05:47:22 by "java_re" with unknown MS VC++:1600

time: Thu Jun 23 11:03:28 2016
elapsed time: 2 seconds

